BOOK(1.0.1)-REMAKE/app/build/intermediates/manifest_merge_blame_file/debug/manifest-merger-blame-debug-report.txt
1<?xml version="1.0" encoding="utf-8"?>
2<manifest xmlns:android="http://schemas.android.com/apk/res/android"
3    package="com.example.stock_design"
4    android:versionCode="1"
5    android:versionName="1.0.0" >
6
7    <uses-sdk
8        android:minSdkVersion="15"
8-->src\main\AndroidManifest.xml
9        android:targetSdkVersion="29" />
9-->src\main\AndroidManifest.xml
10
11    <uses-permission android:name="android.permission.READ_INTERNAL_STORAGE" />
11-->src\main\AndroidManifest.xml:5:5-80
11-->src\main\AndroidManifest.xml:5:22-77
12    <uses-permission android:name="android.permission.WRITE_INTERNAL_STORAGE" />
12-->src\main\AndroidManifest.xml:6:5-81
12-->src\main\AndroidManifest.xml:6:22-78
13    <uses-permission android:name="android.permission.READ_EXTERNAL_STORAGE" />
13-->src\main\AndroidManifest.xml:7:5-80
13-->src\main\AndroidManifest.xml:7:22-77
14    <uses-permission android:name="android.permission.WRITE_EXTERNAL_STORAGE" />
14-->src\main\AndroidManifest.xml:8:5-81
14-->src\main\AndroidManifest.xml:8:22-78
15
16    <supports-screens
16-->src\main\AndroidManifest.xml:10:5-15:40
17        android:largeScreens="true"
17-->src\main\AndroidManifest.xml:11:9-36
18        android:normalScreens="true"
18-->src\main\AndroidManifest.xml:12:9-37
19        android:resizeable="true"
19-->src\main\AndroidManifest.xml:13:9-34
20        android:smallScreens="true"
20-->src\main\AndroidManifest.xml:14:9-36
21        android:xlargeScreens="true" />
21-->src\main\AndroidManifest.xml:15:9-37
22
23    <application
23-->src\main\AndroidManifest.xml:17:5-69:19
24        android:allowBackup="false"
24-->src\main\AndroidManifest.xml:18:9-36
25        android:appComponentFactory="androidx.core.app.CoreComponentFactory"
25-->[androidx.core:core:1.1.0-rc01] AndroidManifest.xml:24:18-86
26        android:configChanges="locale|orientation"
26-->src\main\AndroidManifest.xml:19:9-51
27        android:debuggable="true"
28        android:icon="@mipmap/ic_main"
28-->src\main\AndroidManifest.xml:20:9-39
29        android:label="@string/app_name"
29-->src\main\AndroidManifest.xml:21:9-41
30        android:largeHeap="true"
30-->src\main\AndroidManifest.xml:22:9-33
31        android:roundIcon="@mipmap/ic_launcher_round"
31-->src\main\AndroidManifest.xml:23:9-54
32        android:supportsRtl="true"
32-->src\main\AndroidManifest.xml:24:9-35
33        android:testOnly="true"
34        android:theme="@style/AppTheme" >
34-->src\main\AndroidManifest.xml:25:9-40
35        <activity android:name="com.example.stock_design.Edit" />
35-->src\main\AndroidManifest.xml:26:9-51
35-->src\main\AndroidManifest.xml:26:19-39
36        <activity android:name="com.example.stock_design.About" />
36-->src\main\AndroidManifest.xml:27:9-43
36-->src\main\AndroidManifest.xml:27:19-40
37        <activity android:name="com.example.stock_design.Location" />
37-->src\main\AndroidManifest.xml:28:9-46
37-->src\main\AndroidManifest.xml:28:19-43
38        <activity
38-->src\main\AndroidManifest.xml:29:9-32:52
39            android:name="com.example.stock_design.Verify"
39-->src\main\AndroidManifest.xml:30:13-35
40            android:parentActivityName="com.example.stock_design.MainActivity"
40-->src\main\AndroidManifest.xml:31:13-55
41            android:screenOrientation="portrait" />
41-->src\main\AndroidManifest.xml:32:13-49
42        <activity
42-->src\main\AndroidManifest.xml:33:9-42:20
43            android:name="com.example.stock_design.Intro_logo"
43-->src\main\AndroidManifest.xml:34:13-39
44            android:screenOrientation="portrait"
44-->src\main\AndroidManifest.xml:35:13-49
45            android:theme="@style/Theme.AppCompat.DayNight.NoActionBar" >
45-->src\main\AndroidManifest.xml:36:13-72
46            <intent-filter>
46-->src\main\AndroidManifest.xml:37:13-41:29
47                <action android:name="android.intent.action.MAIN" />
47-->src\main\AndroidManifest.xml:38:17-69
47-->src\main\AndroidManifest.xml:38:25-66
48
49                <category android:name="android.intent.category.LAUNCHER" />
49-->src\main\AndroidManifest.xml:40:17-77
49-->src\main\AndroidManifest.xml:40:27-74
50            </intent-filter>
51        </activity>
52        <activity
52-->src\main\AndroidManifest.xml:43:9-46:52
53            android:name="com.example.stock_design.Detail"
53-->src\main\AndroidManifest.xml:44:13-35
54            android:parentActivityName="com.example.stock_design.Search"
54-->src\main\AndroidManifest.xml:45:13-49
55            android:screenOrientation="portrait" />
55-->src\main\AndroidManifest.xml:46:13-49
56        <activity
56-->src\main\AndroidManifest.xml:47:9-51:52
57            android:name="com.example.stock_design.Search"
57-->src\main\AndroidManifest.xml:48:13-35
58            android:noHistory="true"
58-->src\main\AndroidManifest.xml:49:13-37
59            android:parentActivityName="com.example.stock_design.Admin"
59-->src\main\AndroidManifest.xml:50:13-48
60            android:screenOrientation="portrait" />
60-->src\main\AndroidManifest.xml:51:13-49
61        <activity
61-->src\main\AndroidManifest.xml:52:9-55:52
62            android:name="com.example.stock_design.Admin"
62-->src\main\AndroidManifest.xml:53:13-34
63            android:parentActivityName="com.example.stock_design.MainActivity"
63-->src\main\AndroidManifest.xml:54:13-55
64            android:screenOrientation="portrait" />
64-->src\main\AndroidManifest.xml:55:13-49
65        <activity
65-->src\main\AndroidManifest.xml:56:9-59:52
66            android:name="com.example.stock_design.Counting"
66-->src\main\AndroidManifest.xml:57:13-37
67            android:parentActivityName="com.example.stock_design.MainActivity"
67-->src\main\AndroidManifest.xml:58:13-55
68            android:screenOrientation="portrait" />
68-->src\main\AndroidManifest.xml:59:13-49
69        <activity
69-->src\main\AndroidManifest.xml:60:9-68:20
70            android:name="com.example.stock_design.MainActivity"
70-->src\main\AndroidManifest.xml:61:13-41
71            android:screenOrientation="portrait" >
71-->src\main\AndroidManifest.xml:62:13-49
72            <intent-filter>
72-->src\main\AndroidManifest.xml:63:13-67:29
73                <action android:name="android.intent.action.MAIN" />
73-->src\main\AndroidManifest.xml:38:17-69
73-->src\main\AndroidManifest.xml:38:25-66
74
75                <category android:name="android.intent.category.DEFAULT" />
75-->src\main\AndroidManifest.xml:66:17-76
75-->src\main\AndroidManifest.xml:66:27-73
76            </intent-filter>
77        </activity>
78    </application>
79
80</manifest>